2019-11-28 13:54:43,981 C:\Users\sdesai\PycharmProjects\Madhukar\ImageProcess_1\CREW-1.wmv
2019-11-28 13:54:43,981 No Green Content found in this file.
2019-11-28 13:54:43,981 

2019-11-28 13:54:51,271 C:\Users\sdesai\PycharmProjects\Madhukar\ImageProcess_1\CREW-2.wmv
2019-11-28 13:54:51,271 ['0:15', '0:16', '0:17', '0:18', '0:19', '0:20']
2019-11-28 13:54:51,271 

2019-11-28 13:55:05,184 C:\Users\sdesai\PycharmProjects\Madhukar\ImageProcess_1\CREW-3.wmv
2019-11-28 13:55:05,184 ['0:14', '0:15']
2019-11-28 13:55:05,184 

2019-11-28 13:55:29,180 C:\Users\sdesai\PycharmProjects\Madhukar\ImageProcess_1\CREW-4.wmv
2019-11-28 13:55:29,180 No Green Content found in this file.
2019-11-28 13:55:29,180 

2019-11-28 13:56:32,877 C:\Users\sdesai\PycharmProjects\Madhukar\ImageProcess_1\CREW-D1.mp4
2019-11-28 13:56:32,877 No Green Content found in this file.
2019-11-28 13:56:32,877 

2019-11-28 13:57:35,719 C:\Users\sdesai\PycharmProjects\Madhukar\ImageProcess_1\CREW-D2.mp4
2019-11-28 13:57:35,719 No Green Content found in this file.
2019-11-28 13:57:35,719 

2019-11-28 13:58:13,933 C:\Users\sdesai\PycharmProjects\Madhukar\ImageProcess_1\Green.mp4
2019-11-28 13:58:13,933 No Green Content found in this file.
2019-11-28 13:58:13,933 

2019-11-28 13:58:24,021 C:\Users\sdesai\PycharmProjects\Madhukar\ImageProcess_1\vid_1.mp4
2019-11-28 13:58:24,021 No Green Content found in this file.
2019-11-28 13:58:24,021 

2019-11-28 13:58:49,687 C:\Users\sdesai\PycharmProjects\Madhukar\ImageProcess_1\vid_2.mp4
2019-11-28 13:58:49,687 ['0:20', '0:21', '0:38', '0:39', '0:40', '0:41', '0:42', '0:43', '0:44']
2019-11-28 13:58:49,687 

2019-11-28 13:59:46,827 C:\Users\sdesai\PycharmProjects\Madhukar\ImageProcess_1\vid_3.mp4
2019-11-28 13:59:46,827 No Green Content found in this file.
2019-11-28 13:59:46,827 

2019-11-28 14:00:59,230 C:\Users\sdesai\PycharmProjects\Madhukar\ImageProcess_1\vid_3_bit.mp4
2019-11-28 14:00:59,230 No Green Content found in this file.
2019-11-28 14:00:59,230 

2019-11-28 14:01:48,073 C:\Users\sdesai\PycharmProjects\Madhukar\ImageProcess_1\vid_4.mp4
2019-11-28 14:01:48,073 ['0:4', '0:5', '0:6', '0:7']
2019-11-28 14:01:48,073 

